\BOOKMARK [0][-]{section*.4}{\376\377\000L\000i\000s\000t\000\040\000o\000f\000\040\000F\000i\000g\000u\000r\000e\000s}{}% 1
\BOOKMARK [0][-]{section*.6}{\376\377\000L\000i\000s\000t\000\040\000o\000f\000\040\000T\000a\000b\000l\000e\000s}{}% 2
\BOOKMARK [0][-]{chapter.1}{\376\377\000I\000n\000t\000r\000o\000d\000u\000c\000t\000i\000o\000n}{}% 3
\BOOKMARK [1][-]{section.1.1}{\376\377\000M\000o\000t\000i\000v\000a\000t\000i\000o\000n}{chapter.1}% 4
\BOOKMARK [1][-]{section.1.2}{\376\377\000T\000h\000e\000s\000i\000s\000\040\000S\000t\000a\000t\000e\000m\000e\000n\000t}{chapter.1}% 5
\BOOKMARK [1][-]{section.1.3}{\376\377\000O\000u\000t\000l\000i\000n\000e\000\040\000a\000n\000d\000\040\000C\000o\000n\000t\000r\000i\000b\000u\000t\000i\000o\000n\000s}{chapter.1}% 6
\BOOKMARK [0][-]{chapter.2}{\376\377\000B\000a\000c\000k\000g\000r\000o\000u\000n\000d}{}% 7
\BOOKMARK [1][-]{section.2.1}{\376\377\000E\000t\000h\000e\000r\000e\000u\000m}{chapter.2}% 8
\BOOKMARK [2][-]{subsection.2.1.1}{\376\377\000E\000t\000h\000e\000r}{section.2.1}% 9
\BOOKMARK [2][-]{subsection.2.1.2}{\376\377\000A\000c\000c\000o\000u\000n\000t\000s}{section.2.1}% 10
\BOOKMARK [2][-]{subsection.2.1.3}{\376\377\000T\000r\000a\000n\000s\000a\000c\000t\000i\000o\000n\000s}{section.2.1}% 11
\BOOKMARK [2][-]{subsection.2.1.4}{\376\377\000B\000l\000o\000c\000k\000s}{section.2.1}% 12
\BOOKMARK [2][-]{subsection.2.1.5}{\376\377\000E\000t\000h\000e\000r\000e\000u\000m\000\040\000V\000i\000r\000t\000u\000a\000l\000\040\000M\000a\000c\000h\000i\000n\000e}{section.2.1}% 13
\BOOKMARK [1][-]{section.2.2}{\376\377\000S\000m\000a\000r\000t\000\040\000C\000o\000n\000t\000r\000a\000c\000t\000s}{chapter.2}% 14
\BOOKMARK [2][-]{subsection.2.2.1}{\376\377\000V\000u\000l\000n\000e\000r\000a\000b\000i\000l\000i\000t\000i\000e\000s}{section.2.2}% 15
\BOOKMARK [0][-]{chapter.3}{\376\377\000A\000u\000t\000o\000m\000a\000t\000e\000d\000\040\000V\000u\000l\000n\000e\000r\000a\000b\000i\000l\000i\000t\000y\000\040\000A\000n\000a\000l\000y\000s\000i\000s\000\040\000o\000f\000\040\000S\000m\000a\000r\000t\000\040\000C\000o\000n\000t\000r\000a\000c\000t\000s\000\040\000o\000n\000\040\000E\000t\000h\000e\000r\000e\000u\000m}{}% 16
\BOOKMARK [1][-]{section.3.1}{\376\377\000I\000n\000t\000r\000o\000d\000u\000c\000t\000o\000r\000y\000\040\000R\000e\000m\000a\000r\000k\000s}{chapter.3}% 17
\BOOKMARK [1][-]{section.3.2}{\376\377\000T\000r\000a\000d\000i\000t\000i\000o\000n\000a\000l\000\040\000S\000e\000c\000u\000r\000i\000t\000y\000\040\000A\000n\000a\000l\000y\000s\000i\000s\000\040\000M\000e\000t\000h\000o\000d\000s\000\040\000i\000n\000\040\000S\000m\000a\000r\000t\000\040\000C\000o\000n\000t\000r\000a\000c\000t\000s}{chapter.3}% 18
\BOOKMARK [1][-]{section.3.3}{\376\377\000D\000e\000e\000p\000\040\000L\000e\000a\000r\000n\000i\000n\000g\000\040\000i\000n\000\040\000S\000m\000a\000r\000t\000\040\000C\000o\000n\000t\000r\000a\000c\000t\000s}{chapter.3}% 19
\BOOKMARK [1][-]{section.3.4}{\376\377\000S\000l\000i\000t\000h\000e\000r\000-\000s\000i\000m\000i\000l}{chapter.3}% 20
\BOOKMARK [1][-]{section.3.5}{\376\377\000C\000o\000n\000c\000l\000u\000d\000i\000n\000g\000\040\000R\000e\000m\000a\000r\000k\000s}{chapter.3}% 21
\BOOKMARK [0][-]{chapter.4}{\376\377\000E\000t\000h\000e\000r\000B\000a\000s\000e\000:\000\040\000I\000m\000p\000r\000o\000v\000i\000n\000g\000\040\000R\000e\000p\000r\000o\000d\000u\000c\000i\000b\000i\000l\000i\000t\000y\000\040\000i\000n\000\040\000S\000m\000a\000r\000t\000\040\000C\000o\000n\000t\000r\000a\000c\000t\000\040\000R\000e\000s\000e\000a\000r\000c\000h}{}% 22
\BOOKMARK [1][-]{section.4.1}{\376\377\000I\000n\000t\000r\000o\000d\000u\000c\000t\000o\000r\000y\000\040\000R\000e\000m\000a\000r\000k\000s}{chapter.4}% 23
\BOOKMARK [1][-]{section.4.2}{\376\377\000R\000e\000l\000a\000t\000e\000d\000\040\000W\000o\000r\000k}{chapter.4}% 24
\BOOKMARK [1][-]{section.4.3}{\376\377\000M\000e\000t\000h\000o\000d\000o\000l\000o\000g\000y}{chapter.4}% 25
\BOOKMARK [2][-]{subsection.4.3.1}{\376\377\000D\000a\000t\000a\000\040\000A\000c\000q\000u\000i\000s\000i\000t\000i\000o\000n}{section.4.3}% 26
\BOOKMARK [2][-]{subsection.4.3.2}{\376\377\000D\000a\000t\000a\000\040\000G\000e\000n\000e\000r\000a\000t\000i\000o\000n}{section.4.3}% 27
\BOOKMARK [2][-]{subsection.4.3.3}{\376\377\000D\000a\000t\000a\000\040\000S\000t\000o\000r\000a\000g\000e}{section.4.3}% 28
\BOOKMARK [2][-]{subsection.4.3.4}{\376\377\000D\000a\000t\000a\000\040\000A\000p\000p\000l\000i\000c\000a\000t\000i\000o\000n}{section.4.3}% 29
\BOOKMARK [1][-]{section.4.4}{\376\377\000C\000o\000n\000c\000l\000u\000d\000i\000n\000g\000\040\000R\000e\000m\000a\000r\000k\000s}{chapter.4}% 30
\BOOKMARK [0][-]{chapter.5}{\376\377\000C\000o\000n\000c\000l\000u\000s\000i\000o\000n\000\040\000a\000n\000d\000\040\000F\000u\000t\000u\000r\000e\000\040\000W\000o\000r\000k}{}% 31
\BOOKMARK [0][-]{section*.26}{\376\377\000B\000i\000b\000l\000i\000o\000g\000r\000a\000p\000h\000y}{}% 32
